CRITICAL - 2023-12-15 09:06:29 --> Undefined variable $nomrbe
in APPPATH\Views\templates\header.php on line 13.
 1 APPPATH\Views\templates\header.php(13): CodeIgniter\Debug\Exceptions->errorHandler(2, 'Undefined variable $nomrbe', 'C:\\xampp\\htdocs\\segundotrimestre\\daw\\ci_BBDD\\app\\Views\\templates\\header.php', 13)
 2 SYSTEMPATH\View\View.php(228): include('C:\\xampp\\htdocs\\segundotrimestre\\daw\\ci_BBDD\\app\\Views\\templates\\header.php')
 3 SYSTEMPATH\View\View.php(231): CodeIgniter\View\View->CodeIgniter\View\{closure}()
 4 SYSTEMPATH\Common.php(1190): CodeIgniter\View\View->render('templates/header', [], true)
 5 APPPATH\Controllers\Tiendas.php(9): view('templates/header')
 6 SYSTEMPATH\CodeIgniter.php(942): App\Controllers\Tiendas->verTienda()
 7 SYSTEMPATH\CodeIgniter.php(502): CodeIgniter\CodeIgniter->runController(Object(App\Controllers\Tiendas))
 8 SYSTEMPATH\CodeIgniter.php(361): CodeIgniter\CodeIgniter->handleRequest(null, Object(Config\Cache), false)
 9 FCPATH\index.php(79): CodeIgniter\CodeIgniter->run()
CRITICAL - 2023-12-15 09:06:35 --> Undefined variable $nomrbe
in APPPATH\Views\templates\header.php on line 13.
 1 APPPATH\Views\templates\header.php(13): CodeIgniter\Debug\Exceptions->errorHandler(2, 'Undefined variable $nomrbe', 'C:\\xampp\\htdocs\\segundotrimestre\\daw\\ci_BBDD\\app\\Views\\templates\\header.php', 13)
 2 SYSTEMPATH\View\View.php(228): include('C:\\xampp\\htdocs\\segundotrimestre\\daw\\ci_BBDD\\app\\Views\\templates\\header.php')
 3 SYSTEMPATH\View\View.php(231): CodeIgniter\View\View->CodeIgniter\View\{closure}()
 4 SYSTEMPATH\Common.php(1190): CodeIgniter\View\View->render('templates/header', [], true)
 5 APPPATH\Controllers\Tiendas.php(9): view('templates/header')
 6 SYSTEMPATH\CodeIgniter.php(942): App\Controllers\Tiendas->verTienda()
 7 SYSTEMPATH\CodeIgniter.php(502): CodeIgniter\CodeIgniter->runController(Object(App\Controllers\Tiendas))
 8 SYSTEMPATH\CodeIgniter.php(361): CodeIgniter\CodeIgniter->handleRequest(null, Object(Config\Cache), false)
 9 FCPATH\index.php(79): CodeIgniter\CodeIgniter->run()
CRITICAL - 2023-12-15 09:07:07 --> Undefined variable $nombre
in APPPATH\Views\templates\header.php on line 13.
 1 APPPATH\Views\templates\header.php(13): CodeIgniter\Debug\Exceptions->errorHandler(2, 'Undefined variable $nombre', 'C:\\xampp\\htdocs\\segundotrimestre\\daw\\ci_BBDD\\app\\Views\\templates\\header.php', 13)
 2 SYSTEMPATH\View\View.php(228): include('C:\\xampp\\htdocs\\segundotrimestre\\daw\\ci_BBDD\\app\\Views\\templates\\header.php')
 3 SYSTEMPATH\View\View.php(231): CodeIgniter\View\View->CodeIgniter\View\{closure}()
 4 SYSTEMPATH\Common.php(1190): CodeIgniter\View\View->render('templates/header', [], true)
 5 APPPATH\Controllers\Tiendas.php(9): view('templates/header')
 6 SYSTEMPATH\CodeIgniter.php(942): App\Controllers\Tiendas->verTienda()
 7 SYSTEMPATH\CodeIgniter.php(502): CodeIgniter\CodeIgniter->runController(Object(App\Controllers\Tiendas))
 8 SYSTEMPATH\CodeIgniter.php(361): CodeIgniter\CodeIgniter->handleRequest(null, Object(Config\Cache), false)
 9 FCPATH\index.php(79): CodeIgniter\CodeIgniter->run()
CRITICAL - 2023-12-15 09:07:08 --> Undefined variable $nombre
in APPPATH\Views\templates\header.php on line 13.
 1 APPPATH\Views\templates\header.php(13): CodeIgniter\Debug\Exceptions->errorHandler(2, 'Undefined variable $nombre', 'C:\\xampp\\htdocs\\segundotrimestre\\daw\\ci_BBDD\\app\\Views\\templates\\header.php', 13)
 2 SYSTEMPATH\View\View.php(228): include('C:\\xampp\\htdocs\\segundotrimestre\\daw\\ci_BBDD\\app\\Views\\templates\\header.php')
 3 SYSTEMPATH\View\View.php(231): CodeIgniter\View\View->CodeIgniter\View\{closure}()
 4 SYSTEMPATH\Common.php(1190): CodeIgniter\View\View->render('templates/header', [], true)
 5 APPPATH\Controllers\Tiendas.php(9): view('templates/header')
 6 SYSTEMPATH\CodeIgniter.php(942): App\Controllers\Tiendas->verTienda()
 7 SYSTEMPATH\CodeIgniter.php(502): CodeIgniter\CodeIgniter->runController(Object(App\Controllers\Tiendas))
 8 SYSTEMPATH\CodeIgniter.php(361): CodeIgniter\CodeIgniter->handleRequest(null, Object(Config\Cache), false)
 9 FCPATH\index.php(79): CodeIgniter\CodeIgniter->run()
CRITICAL - 2023-12-15 09:07:18 --> Undefined variable $data
in APPPATH\Views\templates\header.php on line 13.
 1 APPPATH\Views\templates\header.php(13): CodeIgniter\Debug\Exceptions->errorHandler(2, 'Undefined variable $data', 'C:\\xampp\\htdocs\\segundotrimestre\\daw\\ci_BBDD\\app\\Views\\templates\\header.php', 13)
 2 SYSTEMPATH\View\View.php(228): include('C:\\xampp\\htdocs\\segundotrimestre\\daw\\ci_BBDD\\app\\Views\\templates\\header.php')
 3 SYSTEMPATH\View\View.php(231): CodeIgniter\View\View->CodeIgniter\View\{closure}()
 4 SYSTEMPATH\Common.php(1190): CodeIgniter\View\View->render('templates/header', [], true)
 5 APPPATH\Controllers\Tiendas.php(9): view('templates/header')
 6 SYSTEMPATH\CodeIgniter.php(942): App\Controllers\Tiendas->verTienda()
 7 SYSTEMPATH\CodeIgniter.php(502): CodeIgniter\CodeIgniter->runController(Object(App\Controllers\Tiendas))
 8 SYSTEMPATH\CodeIgniter.php(361): CodeIgniter\CodeIgniter->handleRequest(null, Object(Config\Cache), false)
 9 FCPATH\index.php(79): CodeIgniter\CodeIgniter->run()
CRITICAL - 2023-12-15 09:07:19 --> Undefined variable $data
in APPPATH\Views\templates\header.php on line 13.
 1 APPPATH\Views\templates\header.php(13): CodeIgniter\Debug\Exceptions->errorHandler(2, 'Undefined variable $data', 'C:\\xampp\\htdocs\\segundotrimestre\\daw\\ci_BBDD\\app\\Views\\templates\\header.php', 13)
 2 SYSTEMPATH\View\View.php(228): include('C:\\xampp\\htdocs\\segundotrimestre\\daw\\ci_BBDD\\app\\Views\\templates\\header.php')
 3 SYSTEMPATH\View\View.php(231): CodeIgniter\View\View->CodeIgniter\View\{closure}()
 4 SYSTEMPATH\Common.php(1190): CodeIgniter\View\View->render('templates/header', [], true)
 5 APPPATH\Controllers\Tiendas.php(9): view('templates/header')
 6 SYSTEMPATH\CodeIgniter.php(942): App\Controllers\Tiendas->verTienda()
 7 SYSTEMPATH\CodeIgniter.php(502): CodeIgniter\CodeIgniter->runController(Object(App\Controllers\Tiendas))
 8 SYSTEMPATH\CodeIgniter.php(361): CodeIgniter\CodeIgniter->handleRequest(null, Object(Config\Cache), false)
 9 FCPATH\index.php(79): CodeIgniter\CodeIgniter->run()
CRITICAL - 2023-12-15 09:07:52 --> Undefined variable $nombre
in APPPATH\Views\templates\header.php on line 13.
 1 APPPATH\Views\templates\header.php(13): CodeIgniter\Debug\Exceptions->errorHandler(2, 'Undefined variable $nombre', 'C:\\xampp\\htdocs\\segundotrimestre\\daw\\ci_BBDD\\app\\Views\\templates\\header.php', 13)
 2 SYSTEMPATH\View\View.php(228): include('C:\\xampp\\htdocs\\segundotrimestre\\daw\\ci_BBDD\\app\\Views\\templates\\header.php')
 3 SYSTEMPATH\View\View.php(231): CodeIgniter\View\View->CodeIgniter\View\{closure}()
 4 SYSTEMPATH\Common.php(1190): CodeIgniter\View\View->render('templates/header', [], true)
 5 APPPATH\Controllers\Tiendas.php(9): view('templates/header')
 6 SYSTEMPATH\CodeIgniter.php(942): App\Controllers\Tiendas->verTienda()
 7 SYSTEMPATH\CodeIgniter.php(502): CodeIgniter\CodeIgniter->runController(Object(App\Controllers\Tiendas))
 8 SYSTEMPATH\CodeIgniter.php(361): CodeIgniter\CodeIgniter->handleRequest(null, Object(Config\Cache), false)
 9 FCPATH\index.php(79): CodeIgniter\CodeIgniter->run()
CRITICAL - 2023-12-15 09:08:07 --> Undefined variable $nombre
in APPPATH\Views\templates\header.php on line 13.
 1 APPPATH\Views\templates\header.php(13): CodeIgniter\Debug\Exceptions->errorHandler(2, 'Undefined variable $nombre', 'C:\\xampp\\htdocs\\segundotrimestre\\daw\\ci_BBDD\\app\\Views\\templates\\header.php', 13)
 2 SYSTEMPATH\View\View.php(228): include('C:\\xampp\\htdocs\\segundotrimestre\\daw\\ci_BBDD\\app\\Views\\templates\\header.php')
 3 SYSTEMPATH\View\View.php(231): CodeIgniter\View\View->CodeIgniter\View\{closure}()
 4 SYSTEMPATH\Common.php(1190): CodeIgniter\View\View->render('templates/header', [], true)
 5 APPPATH\Controllers\Tiendas.php(9): view('templates/header')
 6 SYSTEMPATH\CodeIgniter.php(942): App\Controllers\Tiendas->verTienda()
 7 SYSTEMPATH\CodeIgniter.php(502): CodeIgniter\CodeIgniter->runController(Object(App\Controllers\Tiendas))
 8 SYSTEMPATH\CodeIgniter.php(361): CodeIgniter\CodeIgniter->handleRequest(null, Object(Config\Cache), false)
 9 FCPATH\index.php(79): CodeIgniter\CodeIgniter->run()
CRITICAL - 2023-12-15 09:08:07 --> Undefined variable $nombre
in APPPATH\Views\templates\header.php on line 13.
 1 APPPATH\Views\templates\header.php(13): CodeIgniter\Debug\Exceptions->errorHandler(2, 'Undefined variable $nombre', 'C:\\xampp\\htdocs\\segundotrimestre\\daw\\ci_BBDD\\app\\Views\\templates\\header.php', 13)
 2 SYSTEMPATH\View\View.php(228): include('C:\\xampp\\htdocs\\segundotrimestre\\daw\\ci_BBDD\\app\\Views\\templates\\header.php')
 3 SYSTEMPATH\View\View.php(231): CodeIgniter\View\View->CodeIgniter\View\{closure}()
 4 SYSTEMPATH\Common.php(1190): CodeIgniter\View\View->render('templates/header', [], true)
 5 APPPATH\Controllers\Tiendas.php(9): view('templates/header')
 6 SYSTEMPATH\CodeIgniter.php(942): App\Controllers\Tiendas->verTienda()
 7 SYSTEMPATH\CodeIgniter.php(502): CodeIgniter\CodeIgniter->runController(Object(App\Controllers\Tiendas))
 8 SYSTEMPATH\CodeIgniter.php(361): CodeIgniter\CodeIgniter->handleRequest(null, Object(Config\Cache), false)
 9 FCPATH\index.php(79): CodeIgniter\CodeIgniter->run()
CRITICAL - 2023-12-15 09:08:16 --> Undefined variable $data
in APPPATH\Controllers\Tiendas.php on line 10.
 1 APPPATH\Controllers\Tiendas.php(10): CodeIgniter\Debug\Exceptions->errorHandler(2, 'Undefined variable $data', 'C:\\xampp\\htdocs\\segundotrimestre\\daw\\ci_BBDD\\app\\Controllers\\Tiendas.php', 10)
 2 SYSTEMPATH\CodeIgniter.php(942): App\Controllers\Tiendas->verTienda()
 3 SYSTEMPATH\CodeIgniter.php(502): CodeIgniter\CodeIgniter->runController(Object(App\Controllers\Tiendas))
 4 SYSTEMPATH\CodeIgniter.php(361): CodeIgniter\CodeIgniter->handleRequest(null, Object(Config\Cache), false)
 5 FCPATH\index.php(79): CodeIgniter\CodeIgniter->run()
CRITICAL - 2023-12-15 09:08:17 --> Undefined variable $data
in APPPATH\Controllers\Tiendas.php on line 10.
 1 APPPATH\Controllers\Tiendas.php(10): CodeIgniter\Debug\Exceptions->errorHandler(2, 'Undefined variable $data', 'C:\\xampp\\htdocs\\segundotrimestre\\daw\\ci_BBDD\\app\\Controllers\\Tiendas.php', 10)
 2 SYSTEMPATH\CodeIgniter.php(942): App\Controllers\Tiendas->verTienda()
 3 SYSTEMPATH\CodeIgniter.php(502): CodeIgniter\CodeIgniter->runController(Object(App\Controllers\Tiendas))
 4 SYSTEMPATH\CodeIgniter.php(361): CodeIgniter\CodeIgniter->handleRequest(null, Object(Config\Cache), false)
 5 FCPATH\index.php(79): CodeIgniter\CodeIgniter->run()
CRITICAL - 2023-12-15 09:08:54 --> Undefined variable $data
in APPPATH\Controllers\Usuarios.php on line 10.
 1 APPPATH\Controllers\Usuarios.php(10): CodeIgniter\Debug\Exceptions->errorHandler(2, 'Undefined variable $data', 'C:\\xampp\\htdocs\\segundotrimestre\\daw\\ci_BBDD\\app\\Controllers\\Usuarios.php', 10)
 2 SYSTEMPATH\CodeIgniter.php(942): App\Controllers\Usuarios->index()
 3 SYSTEMPATH\CodeIgniter.php(502): CodeIgniter\CodeIgniter->runController(Object(App\Controllers\Usuarios))
 4 SYSTEMPATH\CodeIgniter.php(361): CodeIgniter\CodeIgniter->handleRequest(null, Object(Config\Cache), false)
 5 FCPATH\index.php(79): CodeIgniter\CodeIgniter->run()
CRITICAL - 2023-12-15 09:09:04 --> Undefined variable $data
in APPPATH\Controllers\Usuarios.php on line 10.
 1 APPPATH\Controllers\Usuarios.php(10): CodeIgniter\Debug\Exceptions->errorHandler(2, 'Undefined variable $data', 'C:\\xampp\\htdocs\\segundotrimestre\\daw\\ci_BBDD\\app\\Controllers\\Usuarios.php', 10)
 2 SYSTEMPATH\CodeIgniter.php(942): App\Controllers\Usuarios->index()
 3 SYSTEMPATH\CodeIgniter.php(502): CodeIgniter\CodeIgniter->runController(Object(App\Controllers\Usuarios))
 4 SYSTEMPATH\CodeIgniter.php(361): CodeIgniter\CodeIgniter->handleRequest(null, Object(Config\Cache), false)
 5 FCPATH\index.php(79): CodeIgniter\CodeIgniter->run()
